<?xml version="1.0" encoding="UTF-8"?>
<!-- Generated by org.testng.reporters.JUnitReportReporter -->
<testsuite skipped="0" hostname="juliet-PC" name="com.Annotations" tests="2" failures="0" timestamp="2020-07-02T23:41:01 IST" time="0.024" errors="0">
  <testcase name="test6" time="0.006" classname="com.Annotations"/>
  <system-out/>
  <testcase name="test5" time="0.018" classname="com.Annotations"/>
  <system-out/>
</testsuite> <!-- com.Annotations -->
