<?xml version="1.0" encoding="UTF-8"?>
<!-- Generated by org.testng.reporters.JUnitReportReporter -->
<testsuite skipped="0" hostname="juliet-PC" name="com.DataProviderInTestNG" tests="5" failures="0" timestamp="2020-07-03T02:19:43 IST" time="0.051" errors="0">
  <testcase name="test" time="0.033" classname="com.DataProviderInTestNG"/>
  <system-out/>
  <testcase name="test" time="0.005" classname="com.DataProviderInTestNG"/>
  <system-out/>
  <testcase name="test1" time="0.003" classname="com.DataProviderInTestNG"/>
  <system-out/>
  <testcase name="test1" time="0.005" classname="com.DataProviderInTestNG"/>
  <system-out/>
  <testcase name="test1" time="0.005" classname="com.DataProviderInTestNG"/>
  <system-out/>
</testsuite> <!-- com.DataProviderInTestNG -->
