<?xml version="1.0" encoding="UTF-8"?>
<!-- Generated by org.testng.reporters.JUnitReportReporter -->
<testsuite skipped="0" hostname="juliet-PC" name="com.PriorityInTestNG" tests="3" failures="0" timestamp="2020-07-03T03:20:34 IST" time="0.032" errors="0">
  <testcase name="test0" time="0.024" classname="com.PriorityInTestNG"/>
  <system-out/>
  <testcase name="test1" time="0.004" classname="com.PriorityInTestNG"/>
  <system-out/>
  <testcase name="test2" time="0.004" classname="com.PriorityInTestNG"/>
  <system-out/>
</testsuite> <!-- com.PriorityInTestNG -->
