<?xml version="1.0" encoding="UTF-8"?>
<!-- Generated by org.testng.reporters.JUnitReportReporter -->
<testsuite skipped="0" hostname="juliet-PC" name="com.GroupingInTestNG" tests="2" failures="0" timestamp="2020-07-03T03:12:41 IST" time="0.029" errors="0">
  <testcase name="test2" time="0.008" classname="com.GroupingInTestNG"/>
  <system-out/>
  <testcase name="test1" time="0.021" classname="com.GroupingInTestNG"/>
  <system-out/>
</testsuite> <!-- com.GroupingInTestNG -->
