<?xml version="1.0" encoding="UTF-8"?>
<!-- Generated by org.testng.reporters.JUnitReportReporter -->
<testsuite skipped="0" hostname="juliet-PC" name="com.RunTestThroughTestngXML" tests="2" failures="0" timestamp="2020-07-05T19:26:52 IST" time="0.055" errors="0">
  <testcase name="test1" time="0.050" classname="com.RunTestThroughTestngXML"/>
  <system-out/>
  <testcase name="test2" time="0.005" classname="com.RunTestThroughTestngXML"/>
  <system-out/>
</testsuite> <!-- com.RunTestThroughTestngXML -->
