<?xml version="1.0" encoding="UTF-8"?>
<!-- Generated by org.testng.reporters.JUnitReportReporter -->
<testsuite skipped="0" hostname="juliet-PC" name="com.Anootations" tests="2" failures="0" timestamp="2020-06-29T02:00:40 IST" time="0.014" errors="0">
  <testcase name="test5" time="0.002" classname="com.Anootations"/>
  <system-out/>
  <testcase name="test12" time="0.012" classname="com.Anootations"/>
  <system-out/>
</testsuite> <!-- com.Anootations -->
