<?xml version="1.0" encoding="UTF-8"?>
<!-- Generated by org.testng.reporters.JUnitReportReporter -->
<testsuite skipped="0" hostname="juliet-PC" name="com.ParametersinTestNG" tests="1" failures="0" timestamp="2020-07-05T13:37:48 IST" time="0.014" errors="0">
  <testcase name="test1" time="0.014" classname="com.ParametersinTestNG"/>
  <system-out/>
</testsuite> <!-- com.ParametersinTestNG -->
