<?xml version="1.0" encoding="UTF-8"?>
<!-- Generated by org.testng.reporters.JUnitReportReporter -->
<testsuite skipped="0" hostname="juliet-PC" name="com.ParticularTestCase" tests="1" failures="0" timestamp="2020-07-05T19:40:21 IST" time="0.015" errors="0">
  <testcase name="addLocationTestCase" time="0.015" classname="com.ParticularTestCase"/>
  <system-out/>
</testsuite> <!-- com.ParticularTestCase -->
